\BOOKMARK [1][-]{section.1}{\376\377\000O\000v\000e\000r\000v\000i\000e\000w}{}% 1
\BOOKMARK [2][-]{subsection.1.1}{\376\377\000P\000r\000e\000a\000m\000b\000l\000e}{section.1}% 2
\BOOKMARK [3][-]{subsubsection.1.1.1}{\376\377\000M\000a\000i\000n\000t\000a\000i\000n\000e\000r\000\040\000a\000n\000d\000\040\000c\000o\000n\000t\000r\000i\000b\000u\000t\000o\000r\000s}{subsection.1.1}% 3
\BOOKMARK [3][-]{subsubsection.1.1.2}{\376\377\000P\000r\000o\000j\000e\000c\000t\000\040\000t\000i\000t\000l\000e\000,\000\040\000s\000u\000b\000t\000i\000t\000l\000e\000,\000\040\000a\000n\000d\000\040\000h\000e\000a\000d\000e\000r\000\040\000n\000a\000m\000e}{subsection.1.1}% 4
\BOOKMARK [3][-]{subsubsection.1.1.3}{\376\377\000M\000a\000i\000n\000t\000a\000i\000n\000e\000r\000\040\000i\000n\000s\000t\000i\000t\000u\000t\000i\000o\000n\000\040\000l\000o\000g\000o}{subsection.1.1}% 5
\BOOKMARK [2][-]{subsection.1.2}{\376\377\000B\000o\000d\000y}{section.1}% 6
\BOOKMARK [1][-]{section.2}{\376\377\000M\000e\000e\000t\000i\000n\000g\000s}{}% 7
\BOOKMARK [2][-]{subsection.2.1}{\376\377\000E\000x\000t\000e\000r\000n\000a\000l}{section.2}% 8
\BOOKMARK [2][-]{subsection.2.2}{\376\377\000I\000n\000t\000e\000r\000n\000a\000l}{section.2}% 9
\BOOKMARK [1][-]{section.3}{\376\377\000T\000o\000p\000i\000c\000\040\000A\000\040\000t\000o\000\040\000f\000o\000c\000u\000s\000\040\000o\000n}{}% 10
\BOOKMARK [2][-]{subsection.3.1}{\376\377\000A\000\040\000s\000u\000b\000s\000e\000c\000t\000i\000o\000n}{section.3}% 11
\BOOKMARK [3][-]{subsubsection.3.1.1}{\376\377\000A\000\040\000s\000u\000b\000s\000u\000b\000s\000e\000c\000t\000i\000o\000n}{subsection.3.1}% 12
\BOOKMARK [4][-]{subsubsubsection.3.1.1.1}{\376\377\000A\000\040\000s\000u\000b\000s\000u\000b\000s\000u\000b\000s\000e\000c\000t\000i\000o\000n}{subsubsection.3.1.1}% 13
\BOOKMARK [2][-]{subsection.3.2}{\376\377\000A\000n\000o\000t\000h\000e\000r\000\040\000s\000u\000b\000s\000e\000c\000t\000i\000o\000n}{section.3}% 14
\BOOKMARK [1][-]{section.4}{\376\377\000T\000o\000p\000i\000c\000\040\000B\000\040\000t\000o\000\040\000f\000o\000c\000u\000s\000\040\000o\000n}{}% 15
\BOOKMARK [2][-]{subsection.4.1}{\376\377\000A\000l\000g\000o\000r\000i\000t\000h\000m\000s}{section.4}% 16
\BOOKMARK [2][-]{subsection.4.2}{\376\377\000C\000o\000d\000e}{section.4}% 17
\BOOKMARK [2][-]{subsection.4.3}{\376\377\000D\000i\000a\000g\000r\000a\000m\000s}{section.4}% 18
\BOOKMARK [1][-]{section.5}{\376\377\000T\000o\000p\000i\000c\000\040\000C\000\040\000t\000o\000\040\000f\000o\000c\000u\000s\000\040\000o\000n}{}% 19
\BOOKMARK [2][-]{subsection.5.1}{\376\377\000F\000i\000g\000u\000r\000e\000s}{section.5}% 20
\BOOKMARK [2][-]{subsection.5.2}{\376\377\000T\000a\000b\000l\000e\000s}{section.5}% 21
\BOOKMARK [1][-]{appendix.A}{\376\377\000R\000e\000f\000e\000r\000e\000n\000c\000e\000s}{}% 22
\BOOKMARK [1][-]{appendix.B}{\376\377\000R\000e\000s\000o\000u\000r\000c\000e\000s}{}% 23
\BOOKMARK [1][-]{appendix.C}{\376\377\000T\000O\000D\000O\000S}{}% 24
